Performing C++ SOURCE FILE Test CMAKE_HAVE_LIBC_PTHREAD failed with the following output:
Change Dir: /home/ccs/qt/build-MasterProject-Desktop-Debug/CMakeFiles/CMakeTmp

Run Build Command(s):/usr/bin/make -f Makefile cmTC_8eef6/fast && /usr/bin/make  -f CMakeFiles/cmTC_8eef6.dir/build.make CMakeFiles/cmTC_8eef6.dir/build
make[1]: Entering directory '/home/ccs/qt/build-MasterProject-Desktop-Debug/CMakeFiles/CMakeTmp'
Building CXX object CMakeFiles/cmTC_8eef6.dir/src.cxx.o
/usr/bin/g++ -DCMAKE_HAVE_LIBC_PTHREAD  -DQT_QML_DEBUG  -std=gnu++17 -o CMakeFiles/cmTC_8eef6.dir/src.cxx.o -c /home/ccs/qt/build-MasterProject-Desktop-Debug/CMakeFiles/CMakeTmp/src.cxx
Linking CXX executable cmTC_8eef6
/usr/bin/cmake -E cmake_link_script CMakeFiles/cmTC_8eef6.dir/link.txt --verbose=1
/usr/bin/g++ -DQT_QML_DEBUG  CMakeFiles/cmTC_8eef6.dir/src.cxx.o -o cmTC_8eef6 
/usr/bin/ld: CMakeFiles/cmTC_8eef6.dir/src.cxx.o: in function `main':
src.cxx:(.text+0x46): undefined reference to `pthread_create'
/usr/bin/ld: src.cxx:(.text+0x52): undefined reference to `pthread_detach'
/usr/bin/ld: src.cxx:(.text+0x5e): undefined reference to `pthread_cancel'
/usr/bin/ld: src.cxx:(.text+0x6f): undefined reference to `pthread_join'
collect2: error: ld returned 1 exit status
make[1]: *** [CMakeFiles/cmTC_8eef6.dir/build.make:99: cmTC_8eef6] Error 1
make[1]: Leaving directory '/home/ccs/qt/build-MasterProject-Desktop-Debug/CMakeFiles/CMakeTmp'
make: *** [Makefile:127: cmTC_8eef6/fast] Error 2


Source file was:
#include <pthread.h>

static void* test_func(void* data)
{
  return data;
}

int main(void)
{
  pthread_t thread;
  pthread_create(&thread, NULL, test_func, NULL);
  pthread_detach(thread);
  pthread_cancel(thread);
  pthread_join(thread, NULL);
  pthread_atfork(NULL, NULL, NULL);
  pthread_exit(NULL);

  return 0;
}

